<?xml version="1.0" encoding="UTF-8"?>
<!-- Generated by org.testng.reporters.JUnitXMLReporter -->
<testsuite ignored="1" hostname="LTMU-5CD849C177" failures="0" tests="2" name="LoginUIRegressionTest" time="3.951" errors="0" timestamp="2023-02-04T18:13:49 IST">
  <testcase classname="TestCases.loginPageUI" name="verifyPasswordPlaceholder" time="0.031"/>
  <testcase classname="TestCases.loginPageUI" name="verifyUsernamePlaceholder" time="0.028"/>
  <testcase classname="TestCases.loginPageUI" name="loginButtonColor" time="0.0">
    <ignored/>
  </testcase> <!-- loginButtonColor -->
</testsuite> <!-- LoginUIRegressionTest -->
