<?xml version="1.0" encoding="UTF-8"?>
<!-- Generated by org.testng.reporters.JUnitXMLReporter -->
<testsuite ignored="1" hostname="LTMU-5CD849C177" failures="0" tests="4" name="RegressionTest" time="9.17" errors="0" timestamp="2023-02-04T01:29:03 IST">
  <testcase classname="TestCases.loginPageUI" name="verifyPasswordPlaceholder" time="0.051"/>
  <testcase classname="TestCases.loginPageUI" name="verifyUsernamePlaceholder" time="0.033"/>
  <testcase classname="TestCases.LoginPageTest" name="verifyInvalidLoginErrorMessage" time="0.424"/>
  <testcase classname="TestCases.LoginPageTest" name="verifySuccessfulLogin" time="2.315"/>
  <testcase classname="TestCases.loginPageUI" name="loginButtonColor" time="0.0">
    <ignored/>
  </testcase> <!-- loginButtonColor -->
</testsuite> <!-- RegressionTest -->
