<?xml version="1.0" encoding="UTF-8"?>
<testng-results ignored="1" total="5" passed="4" failed="0" skipped="0">
  <reporter-output>
  </reporter-output>
  <suite started-at="2023-02-08T12:39:57 IST" name="RegressionSuite" finished-at="2023-02-08T12:40:47 IST" duration-ms="49829">
    <groups>
      <group name="regression">
        <method signature="LoginPageTest.verifyInvalidLoginErrorMessage()[pri:0, instance:TestCases.LoginPageTest@3e67f5f2]" name="verifyInvalidLoginErrorMessage" class="TestCases.LoginPageTest"/>
        <method signature="LoginPageTest.verifySuccessfulLogin()[pri:0, instance:TestCases.LoginPageTest@3e67f5f2]" name="verifySuccessfulLogin" class="TestCases.LoginPageTest"/>
        <method signature="loginPageUI.verifyPasswordPlaceholder()[pri:0, instance:TestCases.loginPageUI@3fba233d]" name="verifyPasswordPlaceholder" class="TestCases.loginPageUI"/>
        <method signature="loginPageUI.verifyUsernamePlaceholder()[pri:0, instance:TestCases.loginPageUI@3fba233d]" name="verifyUsernamePlaceholder" class="TestCases.loginPageUI"/>
      </group> <!-- regression -->
      <group name="sanity">
        <method signature="loginPageUI.verifyPasswordPlaceholder()[pri:0, instance:TestCases.loginPageUI@3fba233d]" name="verifyPasswordPlaceholder" class="TestCases.loginPageUI"/>
        <method signature="loginPageUI.verifyUsernamePlaceholder()[pri:0, instance:TestCases.loginPageUI@3fba233d]" name="verifyUsernamePlaceholder" class="TestCases.loginPageUI"/>
      </group> <!-- sanity -->
    </groups>
    <test started-at="2023-02-08T12:39:57 IST" name="loginRegressionTest" finished-at="2023-02-08T12:40:28 IST" duration-ms="30833">
      <class name="TestCases.LoginPageTest">
        <test-method is-config="true" signature="setup()[pri:0, instance:TestCases.LoginPageTest@3e67f5f2]" started-at="2023-02-08T12:39:57 IST" name="setup" finished-at="2023-02-08T12:40:19 IST" duration-ms="21855" status="PASS">
          <reporter-output>
          </reporter-output>
        </test-method> <!-- setup -->
        <test-method signature="verifyInvalidLoginErrorMessage()[pri:0, instance:TestCases.LoginPageTest@3e67f5f2]" started-at="2023-02-08T12:40:20 IST" name="verifyInvalidLoginErrorMessage" finished-at="2023-02-08T12:40:23 IST" duration-ms="3519" status="PASS">
          <reporter-output>
          </reporter-output>
        </test-method> <!-- verifyInvalidLoginErrorMessage -->
        <test-method signature="verifySuccessfulLogin()[pri:0, instance:TestCases.LoginPageTest@3e67f5f2]" started-at="2023-02-08T12:40:24 IST" name="verifySuccessfulLogin" finished-at="2023-02-08T12:40:27 IST" duration-ms="2979" status="PASS">
          <reporter-output>
          </reporter-output>
        </test-method> <!-- verifySuccessfulLogin -->
        <test-method is-config="true" signature="tearDown()[pri:0, instance:TestCases.LoginPageTest@3e67f5f2]" started-at="2023-02-08T12:40:27 IST" name="tearDown" finished-at="2023-02-08T12:40:28 IST" duration-ms="1243" status="PASS">
          <reporter-output>
          </reporter-output>
        </test-method> <!-- tearDown -->
      </class> <!-- TestCases.LoginPageTest -->
    </test> <!-- loginRegressionTest -->
    <test started-at="2023-02-08T12:40:29 IST" name="LoginUIRegressionTest" finished-at="2023-02-08T12:40:47 IST" duration-ms="18427">
      <class name="TestCases.loginPageUI">
        <test-method is-config="true" signature="setup()[pri:0, instance:TestCases.loginPageUI@3fba233d]" started-at="2023-02-08T12:40:29 IST" name="setup" finished-at="2023-02-08T12:40:44 IST" duration-ms="15504" status="PASS">
          <reporter-output>
          </reporter-output>
        </test-method> <!-- setup -->
        <test-method signature="verifyPasswordPlaceholder()[pri:0, instance:TestCases.loginPageUI@3fba233d]" started-at="2023-02-08T12:40:44 IST" name="verifyPasswordPlaceholder" finished-at="2023-02-08T12:40:45 IST" duration-ms="195" status="PASS">
          <reporter-output>
          </reporter-output>
        </test-method> <!-- verifyPasswordPlaceholder -->
        <test-method signature="verifyUsernamePlaceholder()[pri:0, instance:TestCases.loginPageUI@3fba233d]" started-at="2023-02-08T12:40:45 IST" name="verifyUsernamePlaceholder" finished-at="2023-02-08T12:40:45 IST" duration-ms="28" status="PASS">
          <reporter-output>
          </reporter-output>
        </test-method> <!-- verifyUsernamePlaceholder -->
        <test-method is-config="true" signature="tearDown()[pri:0, instance:TestCases.loginPageUI@3fba233d]" started-at="2023-02-08T12:40:45 IST" name="tearDown" finished-at="2023-02-08T12:40:47 IST" duration-ms="2587" status="PASS">
          <reporter-output>
          </reporter-output>
        </test-method> <!-- tearDown -->
      </class> <!-- TestCases.loginPageUI -->
    </test> <!-- LoginUIRegressionTest -->
  </suite> <!-- RegressionSuite -->
</testng-results>
