<?xml version="1.0" encoding="UTF-8"?>
<testsuite xmlns:xsi="http://www.w3.org/2001/XMLSchema-instance" xsi:noNamespaceSchemaLocation="https://maven.apache.org/surefire/maven-surefire-plugin/xsd/surefire-test-report.xsd" name="TestSuite" time="53.669" tests="4" errors="0" skipped="0" failures="0">
  <properties>
[...]
</properties>
  <testcase name="verifyInvalidLoginErrorMessage" classname="TestCases.LoginPageTest" time="4.174"/>
  <testcase name="verifySuccessfulLogin" classname="TestCases.LoginPageTest" time="2.973"/>
  <testcase name="verifyPasswordPlaceholder" classname="TestCases.loginPageUI" time="0.198"/>
  <testcase name="verifyUsernamePlaceholder" classname="TestCases.loginPageUI" time="0.125"/>
</testsuite>