<?xml version="1.0" encoding="UTF-8"?>
<!-- Generated by org.testng.reporters.JUnitXMLReporter -->
<testsuite ignored="1" hostname="Main-PC" failures="0" tests="2" name="LoginUIRegressionTest" time="18.427" errors="0" timestamp="2023-02-08T12:40:47 IST">
  <testcase classname="TestCases.loginPageUI" name="verifyPasswordPlaceholder" time="0.195"/>
  <testcase classname="TestCases.loginPageUI" name="verifyUsernamePlaceholder" time="0.028"/>
  <testcase classname="TestCases.loginPageUI" name="loginButtonColor" time="0.0">
    <ignored/>
  </testcase> <!-- loginButtonColor -->
</testsuite> <!-- LoginUIRegressionTest -->
