<?xml version="1.0" encoding="UTF-8"?>
<testng-results ignored="0" total="3" passed="3" failed="0" skipped="0">
  <reporter-output>
  </reporter-output>
  <suite started-at="2023-02-05T16:05:37 IST" name="Default suite" finished-at="2023-02-05T16:05:37 IST" duration-ms="484">
    <groups>
    </groups>
    <test started-at="2023-02-05T16:05:37 IST" name="Default test" finished-at="2023-02-05T16:05:37 IST" duration-ms="484">
      <class name="TestCases.demo">
        <test-method signature="M3()[pri:0, instance:TestCases.demo@4f8b4bd0]" started-at="2023-02-05T16:05:37 IST" name="M3" finished-at="2023-02-05T16:05:37 IST" duration-ms="191" status="PASS">
          <reporter-output>
          </reporter-output>
        </test-method> <!-- M3 -->
        <test-method signature="testM2()[pri:0, instance:TestCases.demo@4f8b4bd0]" started-at="2023-02-05T16:05:37 IST" name="testM2" finished-at="2023-02-05T16:05:37 IST" duration-ms="3" status="PASS">
          <reporter-output>
          </reporter-output>
        </test-method> <!-- testM2 -->
        <test-method signature="testM()[pri:1, instance:TestCases.demo@4f8b4bd0]" started-at="2023-02-05T16:05:37 IST" name="testM" finished-at="2023-02-05T16:05:37 IST" duration-ms="4" status="PASS">
          <reporter-output>
          </reporter-output>
        </test-method> <!-- testM -->
      </class> <!-- TestCases.demo -->
    </test> <!-- Default test -->
  </suite> <!-- Default suite -->
</testng-results>
